This is TeX, Version 3.14159 (Web2C 7.3.1) (format=latex 2001.4.28)  9 JUN 2001 23:19
**armi.tex coda.tex combattimento.tex droghe.tex inc_dem.tex inc_ele.tex inc_es
i.tex inc_ill.tex inc_nec.tex inc_sal.tex inc_str.tex inc_uti.tex incantesimi.t
ex intro.tex magia.tex manual.tex michele.tex movimento.tex personaggio.tex pro
va.tex razze.tex scuole.tex tab_animali.tex tab_armi.tex tab_droghe.tex tab_erb
e.tex tab_malattie.tex tab_veleni.tex tabdroghe.tex taberbe.tex tabmalattie.tex
 tabveleni.tex
(armi.tex
LaTeX2e <1999/12/01> patch level 1
Babel <v3.6Z> and hyphenation patterns for american, french, german, ngerman, i
talian, latin, nohyphenation, loaded.

! LaTeX Error: Missing \begin{document}.

See the LaTeX manual or LaTeX Companion for explanation.
Type  H <return>  for immediate help.
 ...                                              
                                                  
l.1 T
     abella appendice 8: ARMI
? 
! Emergency stop.
 ...                                              
                                                  
l.1 T
     abella appendice 8: ARMI
You're in trouble here.  Try typing  <return>  to proceed.
If that doesn't work, type  X <return>  to quit.

 
Here is how much of TeX's memory you used:
 4 strings out of 25894
 153 string characters out of 197447
 44034 words of memory out of 384000
 3019 multiletter control sequences out of 10000+15000
 3640 words of font info for 14 fonts, out of 400000 for 1000
 14 hyphenation exceptions out of 1000
 5i,0n,4p,538b,14s stack positions out of 300i,100n,500p,50000b,4000s
No pages of output.
